<?xml version="1.0" encoding="UTF-8"?>
<testsuite name="agh.ics.oop.AnimalTest" tests="1" skipped="0" failures="0" errors="0" timestamp="2022-10-23T10:42:09" hostname="LAPTOP-ST6HPR0U" time="0.03">
  <properties/>
  <testcase name="testIntegration()" classname="agh.ics.oop.AnimalTest" time="0.03"/>
  <system-out><![CDATA[]]></system-out>
  <system-err><![CDATA[]]></system-err>
</testsuite>
